<?xml version="1.0" encoding="UTF-8"?>
<testng-results ignored="0" total="3" passed="3" failed="0" skipped="0">
  <reporter-output>
  </reporter-output>
  <suite started-at="2022-11-15T16:26:31 EST" name="Default suite" finished-at="2022-11-15T16:27:27 EST" duration-ms="56207">
    <groups>
    </groups>
    <test started-at="2022-11-15T16:26:31 EST" name="Default test" finished-at="2022-11-15T16:27:27 EST" duration-ms="56207">
      <class name="walmart.Testng">
        <test-method is-config="true" signature="setup()[pri:0, instance:walmart.Testng@62417a16]" started-at="2022-11-15T16:26:31 EST" name="setup" finished-at="2022-11-15T16:26:45 EST" duration-ms="13897" status="PASS">
          <reporter-output>
          </reporter-output>
        </test-method> <!-- setup -->
        <test-method signature="test1()[pri:0, instance:walmart.Testng@62417a16]" started-at="2022-11-15T16:26:45 EST" name="test1" finished-at="2022-11-15T16:26:45 EST" duration-ms="73" status="PASS">
          <reporter-output>
          </reporter-output>
        </test-method> <!-- test1 -->
        <test-method is-config="true" signature="setup()[pri:0, instance:walmart.Testng@62417a16]" started-at="2022-11-15T16:26:45 EST" name="setup" finished-at="2022-11-15T16:27:06 EST" duration-ms="20355" status="PASS">
          <reporter-output>
          </reporter-output>
        </test-method> <!-- setup -->
        <test-method signature="test2()[pri:0, instance:walmart.Testng@62417a16]" started-at="2022-11-15T16:27:06 EST" name="test2" finished-at="2022-11-15T16:27:06 EST" duration-ms="312" status="PASS">
          <reporter-output>
          </reporter-output>
        </test-method> <!-- test2 -->
        <test-method is-config="true" signature="setup()[pri:0, instance:walmart.Testng@62417a16]" started-at="2022-11-15T16:27:06 EST" name="setup" finished-at="2022-11-15T16:27:24 EST" duration-ms="18519" status="PASS">
          <reporter-output>
          </reporter-output>
        </test-method> <!-- setup -->
        <test-method signature="test3()[pri:0, instance:walmart.Testng@62417a16]" started-at="2022-11-15T16:27:24 EST" name="test3" finished-at="2022-11-15T16:27:27 EST" duration-ms="2915" status="PASS">
          <reporter-output>
          </reporter-output>
        </test-method> <!-- test3 -->
      </class> <!-- walmart.Testng -->
    </test> <!-- Default test -->
  </suite> <!-- Default suite -->
</testng-results>
